<?xml version="1.0" encoding="UTF-8"?>
<!-- Generated by org.testng.reporters.JUnitXMLReporter -->
<testsuite ignored="0" hostname="LAPTOP-OMN3A2MR" failures="0" tests="3" name="Test2" time="30.988" errors="0" timestamp="2025-07-31T15:21:35 IST">
  <testcase classname="testscript1.LogoutTest" name="verifyUserIsAbleToLogoutWithSuccessfully" time="1.541"/>
  <testcase classname="testscript1.ManageFooterTest" name="validateUpdateButtonIsDisplayed" time="2.537"/>
  <testcase classname="testscript1.ManageFooterTest" name="validateUserCanUpdateFooterInfo" time="2.285"/>
</testsuite> <!-- Test2 -->
