<?xml version="1.0" encoding="UTF-8"?>
<!-- Generated by org.testng.reporters.JUnitXMLReporter -->
<testsuite ignored="0" hostname="LAPTOP-OMN3A2MR" failures="0" tests="3" name="Test1" time="24.592" errors="0" timestamp="2025-07-31T15:21:28 IST">
  <testcase classname="testscript1.LogoutTest" name="verifyUserIsAbleToLogoutWithSuccessfully" time="2.772"/>
  <testcase classname="testscript1.ManageFooterTest" name="validateUpdateButtonIsDisplayed" time="3.115"/>
  <testcase classname="testscript1.ManageFooterTest" name="validateUserCanUpdateFooterInfo" time="3.241"/>
</testsuite> <!-- Test1 -->
