<?xml version="1.0" encoding="UTF-8"?>
<testng-results ignored="0" total="13" passed="13" failed="0" skipped="0">
  <reporter-output>
  </reporter-output>
  <suite started-at="2025-08-05T15:19:55 IST" name="Suite" finished-at="2025-08-05T15:21:31 IST" duration-ms="96753">
    <groups>
      <group name="Regression">
        <method signature="ManageCategoryTest.verifyUserIsAbleToLoginWithValidCredentials()[pri:0, instance:testscript1.ManageCategoryTest@7bbc8656]" name="verifyUserIsAbleToLoginWithValidCredentials" class="testscript1.ManageCategoryTest"/>
      </group> <!-- Regression -->
    </groups>
    <test started-at="2025-08-05T15:19:55 IST" name="Test" finished-at="2025-08-05T15:21:31 IST" duration-ms="96753">
      <class name="testscript1.ManageFooterTest">
        <test-method is-config="true" signature="browserInitialization(java.lang.String)[pri:0, instance:testscript1.ManageFooterTest@6933b6c6]" started-at="2025-08-05T15:21:03 IST" name="browserInitialization" finished-at="2025-08-05T15:21:07 IST" duration-ms="4488" status="PASS">
          <params>
            <param index="0">
              <value>
                <![CDATA[chrome]]>
              </value>
            </param>
          </params>
          <reporter-output>
          </reporter-output>
        </test-method> <!-- browserInitialization -->
        <test-method signature="validateUpdateButtonIsDisplayed()[pri:0, instance:testscript1.ManageFooterTest@6933b6c6]" started-at="2025-08-05T15:21:07 IST" name="validateUpdateButtonIsDisplayed" description="Verify that the Update button is displayed when editing footer details." finished-at="2025-08-05T15:21:09 IST" duration-ms="1658" status="PASS">
          <reporter-output>
          </reporter-output>
        </test-method> <!-- validateUpdateButtonIsDisplayed -->
        <test-method is-config="true" signature="browserQuit(org.testng.ITestResult)[pri:0, instance:testscript1.ManageFooterTest@6933b6c6]" started-at="2025-08-05T15:21:09 IST" name="browserQuit" finished-at="2025-08-05T15:21:09 IST" duration-ms="414" status="PASS">
          <params>
            <param index="0">
              <value>
                <![CDATA[[TestResult name=validateUpdateButtonIsDisplayed status=SUCCESS method=ManageFooterTest.validateUpdateButtonIsDisplayed()[pri:0, instance:testscript1.ManageFooterTest@6933b6c6] output={null}]]]>
              </value>
            </param>
          </params>
          <reporter-output>
          </reporter-output>
        </test-method> <!-- browserQuit -->
        <test-method is-config="true" signature="browserInitialization(java.lang.String)[pri:0, instance:testscript1.ManageFooterTest@6933b6c6]" started-at="2025-08-05T15:21:09 IST" name="browserInitialization" finished-at="2025-08-05T15:21:14 IST" duration-ms="4482" status="PASS">
          <params>
            <param index="0">
              <value>
                <![CDATA[chrome]]>
              </value>
            </param>
          </params>
          <reporter-output>
          </reporter-output>
        </test-method> <!-- browserInitialization -->
        <test-method signature="validateUserCanUpdateFooterInfo()[pri:0, instance:testscript1.ManageFooterTest@6933b6c6]" started-at="2025-08-05T15:21:14 IST" name="validateUserCanUpdateFooterInfo" description="Verify that the user can update footer information including address and email successfully." finished-at="2025-08-05T15:21:16 IST" duration-ms="2390" status="PASS">
          <reporter-output>
          </reporter-output>
        </test-method> <!-- validateUserCanUpdateFooterInfo -->
        <test-method is-config="true" signature="browserQuit(org.testng.ITestResult)[pri:0, instance:testscript1.ManageFooterTest@6933b6c6]" started-at="2025-08-05T15:21:16 IST" name="browserQuit" finished-at="2025-08-05T15:21:17 IST" duration-ms="474" status="PASS">
          <params>
            <param index="0">
              <value>
                <![CDATA[[TestResult name=validateUserCanUpdateFooterInfo status=SUCCESS method=ManageFooterTest.validateUserCanUpdateFooterInfo()[pri:0, instance:testscript1.ManageFooterTest@6933b6c6] output={null}]]]>
              </value>
            </param>
          </params>
          <reporter-output>
          </reporter-output>
        </test-method> <!-- browserQuit -->
      </class> <!-- testscript1.ManageFooterTest -->
      <class name="testscript1.LoginTest">
        <test-method is-config="true" signature="browserInitialization(java.lang.String)[pri:0, instance:testscript1.LoginTest@2584b82d]" started-at="2025-08-05T15:20:32 IST" name="browserInitialization" finished-at="2025-08-05T15:20:36 IST" duration-ms="4201" status="PASS">
          <params>
            <param index="0">
              <value>
                <![CDATA[chrome]]>
              </value>
            </param>
          </params>
          <reporter-output>
          </reporter-output>
        </test-method> <!-- browserInitialization -->
        <test-method signature="verifyUserIsAbleToLoginWithValidCredentials()[pri:0, instance:testscript1.LoginTest@2584b82d]" started-at="2025-08-05T15:20:36 IST" name="verifyUserIsAbleToLoginWithValidCredentials" description="Verify that the user is able to log in with valid credentials from the Excel sheet and navigate to the dashboard successfully." finished-at="2025-08-05T15:20:37 IST" duration-ms="1023" status="PASS">
          <reporter-output>
          </reporter-output>
        </test-method> <!-- verifyUserIsAbleToLoginWithValidCredentials -->
        <test-method is-config="true" signature="browserQuit(org.testng.ITestResult)[pri:0, instance:testscript1.LoginTest@2584b82d]" started-at="2025-08-05T15:20:37 IST" name="browserQuit" finished-at="2025-08-05T15:20:37 IST" duration-ms="419" status="PASS">
          <params>
            <param index="0">
              <value>
                <![CDATA[[TestResult name=verifyUserIsAbleToLoginWithValidCredentials status=SUCCESS method=LoginTest.verifyUserIsAbleToLoginWithValidCredentials()[pri:0, instance:testscript1.LoginTest@2584b82d] output={null}]]]>
              </value>
            </param>
          </params>
          <reporter-output>
          </reporter-output>
        </test-method> <!-- browserQuit -->
        <test-method is-config="true" signature="browserInitialization(java.lang.String)[pri:0, instance:testscript1.LoginTest@2584b82d]" started-at="2025-08-05T15:20:37 IST" name="browserInitialization" finished-at="2025-08-05T15:20:42 IST" duration-ms="4321" status="PASS">
          <params>
            <param index="0">
              <value>
                <![CDATA[chrome]]>
              </value>
            </param>
          </params>
          <reporter-output>
          </reporter-output>
        </test-method> <!-- browserInitialization -->
        <test-method signature="verifyUserIsAbleToLoginwithInvalidPassword()[pri:0, instance:testscript1.LoginTest@2584b82d]" started-at="2025-08-05T15:20:42 IST" name="verifyUserIsAbleToLoginwithInvalidPassword" description="Verify that an alert is displayed when the user attempts to login with a valid username and an invalid password." finished-at="2025-08-05T15:20:42 IST" duration-ms="567" status="PASS">
          <reporter-output>
          </reporter-output>
        </test-method> <!-- verifyUserIsAbleToLoginwithInvalidPassword -->
        <test-method is-config="true" signature="browserQuit(org.testng.ITestResult)[pri:0, instance:testscript1.LoginTest@2584b82d]" started-at="2025-08-05T15:20:42 IST" name="browserQuit" finished-at="2025-08-05T15:20:43 IST" duration-ms="344" status="PASS">
          <params>
            <param index="0">
              <value>
                <![CDATA[[TestResult name=verifyUserIsAbleToLoginwithInvalidPassword status=SUCCESS method=LoginTest.verifyUserIsAbleToLoginwithInvalidPassword()[pri:0, instance:testscript1.LoginTest@2584b82d] output={null}]]]>
              </value>
            </param>
          </params>
          <reporter-output>
          </reporter-output>
        </test-method> <!-- browserQuit -->
        <test-method is-config="true" signature="browserInitialization(java.lang.String)[pri:0, instance:testscript1.LoginTest@2584b82d]" started-at="2025-08-05T15:20:43 IST" name="browserInitialization" finished-at="2025-08-05T15:20:47 IST" duration-ms="4371" status="PASS">
          <params>
            <param index="0">
              <value>
                <![CDATA[chrome]]>
              </value>
            </param>
          </params>
          <reporter-output>
          </reporter-output>
        </test-method> <!-- browserInitialization -->
        <test-method signature="verifyUserIsAbleToLoginwithInvalidUsername()[pri:0, instance:testscript1.LoginTest@2584b82d]" started-at="2025-08-05T15:20:47 IST" name="verifyUserIsAbleToLoginwithInvalidUsername" description="Verify that an alert is displayed when the user attempts to login with an invalid username and a valid password." finished-at="2025-08-05T15:20:47 IST" duration-ms="533" status="PASS">
          <reporter-output>
          </reporter-output>
        </test-method> <!-- verifyUserIsAbleToLoginwithInvalidUsername -->
        <test-method is-config="true" signature="browserQuit(org.testng.ITestResult)[pri:0, instance:testscript1.LoginTest@2584b82d]" started-at="2025-08-05T15:20:47 IST" name="browserQuit" finished-at="2025-08-05T15:20:48 IST" duration-ms="362" status="PASS">
          <params>
            <param index="0">
              <value>
                <![CDATA[[TestResult name=verifyUserIsAbleToLoginwithInvalidUsername status=SUCCESS method=LoginTest.verifyUserIsAbleToLoginwithInvalidUsername()[pri:0, instance:testscript1.LoginTest@2584b82d] output={null}]]]>
              </value>
            </param>
          </params>
          <reporter-output>
          </reporter-output>
        </test-method> <!-- browserQuit -->
        <test-method is-config="true" signature="browserInitialization(java.lang.String)[pri:0, instance:testscript1.LoginTest@2584b82d]" started-at="2025-08-05T15:20:48 IST" name="browserInitialization" finished-at="2025-08-05T15:20:54 IST" duration-ms="6619" status="PASS">
          <params>
            <param index="0">
              <value>
                <![CDATA[chrome]]>
              </value>
            </param>
          </params>
          <reporter-output>
          </reporter-output>
        </test-method> <!-- browserInitialization -->
        <test-method signature="verifyUserIsAbleToLoginwithInvalidUsernameAndPassword()[pri:0, instance:testscript1.LoginTest@2584b82d]" started-at="2025-08-05T15:20:54 IST" name="verifyUserIsAbleToLoginwithInvalidUsernameAndPassword" description="Verify that an alert is displayed when the user attempts to login with both invalid username and invalid password." finished-at="2025-08-05T15:20:55 IST" duration-ms="976" status="PASS">
          <reporter-output>
          </reporter-output>
        </test-method> <!-- verifyUserIsAbleToLoginwithInvalidUsernameAndPassword -->
        <test-method is-config="true" signature="browserQuit(org.testng.ITestResult)[pri:0, instance:testscript1.LoginTest@2584b82d]" started-at="2025-08-05T15:20:55 IST" name="browserQuit" finished-at="2025-08-05T15:20:56 IST" duration-ms="749" status="PASS">
          <params>
            <param index="0">
              <value>
                <![CDATA[[TestResult name=verifyUserIsAbleToLoginwithInvalidUsernameAndPassword status=SUCCESS method=LoginTest.verifyUserIsAbleToLoginwithInvalidUsernameAndPassword()[pri:0, instance:testscript1.LoginTest@2584b82d] output={null}]]]>
              </value>
            </param>
          </params>
          <reporter-output>
          </reporter-output>
        </test-method> <!-- browserQuit -->
      </class> <!-- testscript1.LoginTest -->
      <class name="testscript1.ManageContactTest">
        <test-method is-config="true" signature="browserInitialization(java.lang.String)[pri:0, instance:testscript1.ManageContactTest@7d3e8655]" started-at="2025-08-05T15:21:17 IST" name="browserInitialization" finished-at="2025-08-05T15:21:22 IST" duration-ms="4873" status="PASS">
          <params>
            <param index="0">
              <value>
                <![CDATA[chrome]]>
              </value>
            </param>
          </params>
          <reporter-output>
          </reporter-output>
        </test-method> <!-- browserInitialization -->
        <test-method signature="validateAdminIsAbleToUpdateManageContact()[pri:0, instance:testscript1.ManageContactTest@7d3e8655]" started-at="2025-08-05T15:21:22 IST" name="validateAdminIsAbleToUpdateManageContact" description="Verify that the admin is able to update contact details in the Manage Contact section successfully." finished-at="2025-08-05T15:21:24 IST" duration-ms="2135" status="PASS">
          <reporter-output>
          </reporter-output>
        </test-method> <!-- validateAdminIsAbleToUpdateManageContact -->
        <test-method is-config="true" signature="browserQuit(org.testng.ITestResult)[pri:0, instance:testscript1.ManageContactTest@7d3e8655]" started-at="2025-08-05T15:21:24 IST" name="browserQuit" finished-at="2025-08-05T15:21:24 IST" duration-ms="458" status="PASS">
          <params>
            <param index="0">
              <value>
                <![CDATA[[TestResult name=validateAdminIsAbleToUpdateManageContact status=SUCCESS method=ManageContactTest.validateAdminIsAbleToUpdateManageContact()[pri:0, instance:testscript1.ManageContactTest@7d3e8655] output={null}]]]>
              </value>
            </param>
          </params>
          <reporter-output>
          </reporter-output>
        </test-method> <!-- browserQuit -->
      </class> <!-- testscript1.ManageContactTest -->
      <class name="testscript1.ManageCategoryTest">
        <test-method is-config="true" signature="browserInitialization(java.lang.String)[pri:0, instance:testscript1.ManageCategoryTest@7bbc8656]" started-at="2025-08-05T15:20:56 IST" name="browserInitialization" finished-at="2025-08-05T15:21:01 IST" duration-ms="4328" status="PASS">
          <params>
            <param index="0">
              <value>
                <![CDATA[chrome]]>
              </value>
            </param>
          </params>
          <reporter-output>
          </reporter-output>
        </test-method> <!-- browserInitialization -->
        <test-method signature="verifyUserIsAbleToLoginWithValidCredentials()[pri:0, instance:testscript1.ManageCategoryTest@7bbc8656]" started-at="2025-08-05T15:21:01 IST" name="verifyUserIsAbleToLoginWithValidCredentials" description="Verify that a user can successfully log in and create a new category with an image upload." finished-at="2025-08-05T15:21:03 IST" duration-ms="1995" status="PASS">
          <reporter-output>
          </reporter-output>
        </test-method> <!-- verifyUserIsAbleToLoginWithValidCredentials -->
        <test-method is-config="true" signature="browserQuit(org.testng.ITestResult)[pri:0, instance:testscript1.ManageCategoryTest@7bbc8656]" started-at="2025-08-05T15:21:03 IST" name="browserQuit" finished-at="2025-08-05T15:21:03 IST" duration-ms="376" status="PASS">
          <params>
            <param index="0">
              <value>
                <![CDATA[[TestResult name=verifyUserIsAbleToLoginWithValidCredentials status=SUCCESS method=ManageCategoryTest.verifyUserIsAbleToLoginWithValidCredentials()[pri:0, instance:testscript1.ManageCategoryTest@7bbc8656] output={null}]]]>
              </value>
            </param>
          </params>
          <reporter-output>
          </reporter-output>
        </test-method> <!-- browserQuit -->
      </class> <!-- testscript1.ManageCategoryTest -->
      <class name="testscript1.MnageNewsTest">
        <test-method is-config="true" signature="browserInitialization(java.lang.String)[pri:0, instance:testscript1.MnageNewsTest@7dfb0c0f]" started-at="2025-08-05T15:21:24 IST" name="browserInitialization" finished-at="2025-08-05T15:21:29 IST" duration-ms="4569" status="PASS">
          <params>
            <param index="0">
              <value>
                <![CDATA[chrome]]>
              </value>
            </param>
          </params>
          <reporter-output>
          </reporter-output>
        </test-method> <!-- browserInitialization -->
        <test-method signature="verifyUserIsabletoAddNews()[pri:0, instance:testscript1.MnageNewsTest@7dfb0c0f]" started-at="2025-08-05T15:21:29 IST" name="verifyUserIsabletoAddNews" description="Verify that the user is able to add a news item and a success alert is displayed." finished-at="2025-08-05T15:21:31 IST" duration-ms="2120" status="PASS">
          <reporter-output>
          </reporter-output>
        </test-method> <!-- verifyUserIsabletoAddNews -->
        <test-method is-config="true" signature="browserQuit(org.testng.ITestResult)[pri:0, instance:testscript1.MnageNewsTest@7dfb0c0f]" started-at="2025-08-05T15:21:31 IST" name="browserQuit" finished-at="2025-08-05T15:21:31 IST" duration-ms="413" status="PASS">
          <params>
            <param index="0">
              <value>
                <![CDATA[[TestResult name=verifyUserIsabletoAddNews status=SUCCESS method=MnageNewsTest.verifyUserIsabletoAddNews()[pri:0, instance:testscript1.MnageNewsTest@7dfb0c0f] output={null}]]]>
              </value>
            </param>
          </params>
          <reporter-output>
          </reporter-output>
        </test-method> <!-- browserQuit -->
      </class> <!-- testscript1.MnageNewsTest -->
      <class name="testscript1.AdminTest">
        <test-method is-config="true" signature="browserInitialization(java.lang.String)[pri:0, instance:testscript1.AdminTest@97e93f1]" started-at="2025-08-05T15:19:55 IST" name="browserInitialization" finished-at="2025-08-05T15:20:02 IST" duration-ms="7520" status="PASS">
          <params>
            <param index="0">
              <value>
                <![CDATA[chrome]]>
              </value>
            </param>
          </params>
          <reporter-output>
          </reporter-output>
        </test-method> <!-- browserInitialization -->
        <test-method signature="validateUpdateButtonIsEnabled()[pri:0, instance:testscript1.AdminTest@97e93f1]" started-at="2025-08-05T15:20:02 IST" name="validateUpdateButtonIsEnabled" description="Verify that the Update button is enabled when editing admin user details." finished-at="2025-08-05T15:20:09 IST" duration-ms="6558" status="PASS">
          <reporter-output>
          </reporter-output>
        </test-method> <!-- validateUpdateButtonIsEnabled -->
        <test-method is-config="true" signature="browserQuit(org.testng.ITestResult)[pri:0, instance:testscript1.AdminTest@97e93f1]" started-at="2025-08-05T15:20:09 IST" name="browserQuit" finished-at="2025-08-05T15:20:09 IST" duration-ms="513" status="PASS">
          <params>
            <param index="0">
              <value>
                <![CDATA[[TestResult name=validateUpdateButtonIsEnabled status=SUCCESS method=AdminTest.validateUpdateButtonIsEnabled()[pri:0, instance:testscript1.AdminTest@97e93f1] output={null}]]]>
              </value>
            </param>
          </params>
          <reporter-output>
          </reporter-output>
        </test-method> <!-- browserQuit -->
        <test-method is-config="true" signature="browserInitialization(java.lang.String)[pri:0, instance:testscript1.AdminTest@97e93f1]" started-at="2025-08-05T15:20:09 IST" name="browserInitialization" finished-at="2025-08-05T15:20:13 IST" duration-ms="4132" status="PASS">
          <params>
            <param index="0">
              <value>
                <![CDATA[chrome]]>
              </value>
            </param>
          </params>
          <reporter-output>
          </reporter-output>
        </test-method> <!-- browserInitialization -->
        <test-method signature="verifyAdminCanUpdateField()[pri:0, instance:testscript1.AdminTest@97e93f1]" started-at="2025-08-05T15:20:13 IST" name="verifyAdminCanUpdateField" description="Verify that the admin can update an existing user&#039;s details successfully." finished-at="2025-08-05T15:20:17 IST" duration-ms="3456" status="PASS">
          <reporter-output>
          </reporter-output>
        </test-method> <!-- verifyAdminCanUpdateField -->
        <test-method is-config="true" signature="browserQuit(org.testng.ITestResult)[pri:0, instance:testscript1.AdminTest@97e93f1]" started-at="2025-08-05T15:20:17 IST" name="browserQuit" finished-at="2025-08-05T15:20:17 IST" duration-ms="333" status="PASS">
          <params>
            <param index="0">
              <value>
                <![CDATA[[TestResult name=verifyAdminCanUpdateField status=SUCCESS method=AdminTest.verifyAdminCanUpdateField()[pri:0, instance:testscript1.AdminTest@97e93f1] output={null}]]]>
              </value>
            </param>
          </params>
          <reporter-output>
          </reporter-output>
        </test-method> <!-- browserQuit -->
        <test-method is-config="true" signature="browserInitialization(java.lang.String)[pri:0, instance:testscript1.AdminTest@97e93f1]" started-at="2025-08-05T15:20:17 IST" name="browserInitialization" finished-at="2025-08-05T15:20:22 IST" duration-ms="4672" status="PASS">
          <params>
            <param index="0">
              <value>
                <![CDATA[chrome]]>
              </value>
            </param>
          </params>
          <reporter-output>
          </reporter-output>
        </test-method> <!-- browserInitialization -->
        <test-method signature="verifyAlertIsDisplayedAfterUpdate()[pri:0, instance:testscript1.AdminTest@97e93f1]" started-at="2025-08-05T15:20:22 IST" name="verifyAlertIsDisplayedAfterUpdate" description="Verify that an alert is displayed after successfully updating admin user details." finished-at="2025-08-05T15:20:24 IST" duration-ms="2413" status="PASS">
          <reporter-output>
          </reporter-output>
        </test-method> <!-- verifyAlertIsDisplayedAfterUpdate -->
        <test-method is-config="true" signature="browserQuit(org.testng.ITestResult)[pri:0, instance:testscript1.AdminTest@97e93f1]" started-at="2025-08-05T15:20:24 IST" name="browserQuit" finished-at="2025-08-05T15:20:25 IST" duration-ms="406" status="PASS">
          <params>
            <param index="0">
              <value>
                <![CDATA[[TestResult name=verifyAlertIsDisplayedAfterUpdate status=SUCCESS method=AdminTest.verifyAlertIsDisplayedAfterUpdate()[pri:0, instance:testscript1.AdminTest@97e93f1] output={null}]]]>
              </value>
            </param>
          </params>
          <reporter-output>
          </reporter-output>
        </test-method> <!-- browserQuit -->
        <test-method is-config="true" signature="browserInitialization(java.lang.String)[pri:0, instance:testscript1.AdminTest@97e93f1]" started-at="2025-08-05T15:20:25 IST" name="browserInitialization" finished-at="2025-08-05T15:20:29 IST" duration-ms="4312" status="PASS">
          <params>
            <param index="0">
              <value>
                <![CDATA[chrome]]>
              </value>
            </param>
          </params>
          <reporter-output>
          </reporter-output>
        </test-method> <!-- browserInitialization -->
        <test-method signature="verifyUserIsAbleToLoginWithValidCredentials()[pri:0, instance:testscript1.AdminTest@97e93f1]" started-at="2025-08-05T15:20:29 IST" name="verifyUserIsAbleToLoginWithValidCredentials" description="Verify that a new admin user can be created successfully after valid login." finished-at="2025-08-05T15:20:31 IST" duration-ms="2260" status="PASS">
          <reporter-output>
          </reporter-output>
        </test-method> <!-- verifyUserIsAbleToLoginWithValidCredentials -->
        <test-method is-config="true" signature="browserQuit(org.testng.ITestResult)[pri:0, instance:testscript1.AdminTest@97e93f1]" started-at="2025-08-05T15:20:31 IST" name="browserQuit" finished-at="2025-08-05T15:20:32 IST" duration-ms="370" status="PASS">
          <params>
            <param index="0">
              <value>
                <![CDATA[[TestResult name=verifyUserIsAbleToLoginWithValidCredentials status=SUCCESS method=AdminTest.verifyUserIsAbleToLoginWithValidCredentials()[pri:0, instance:testscript1.AdminTest@97e93f1] output={null}]]]>
              </value>
            </param>
          </params>
          <reporter-output>
          </reporter-output>
        </test-method> <!-- browserQuit -->
      </class> <!-- testscript1.AdminTest -->
    </test> <!-- Test -->
  </suite> <!-- Suite -->
</testng-results>
