<?xml version="1.0" encoding="UTF-8"?>
<!-- Generated by org.testng.reporters.JUnitXMLReporter -->
<testsuite ignored="0" hostname="LAPTOP-OMN3A2MR" failures="0" tests="13" name="Test" time="96.753" errors="0" timestamp="2025-08-05T15:21:32 IST">
  <testcase classname="testscript1.AdminTest" name="validateUpdateButtonIsEnabled" time="6.558"/>
  <testcase classname="testscript1.AdminTest" name="verifyAdminCanUpdateField" time="3.456"/>
  <testcase classname="testscript1.AdminTest" name="verifyAlertIsDisplayedAfterUpdate" time="2.413"/>
  <testcase classname="testscript1.AdminTest" name="verifyUserIsAbleToLoginWithValidCredentials" time="2.26"/>
  <testcase classname="testscript1.LoginTest" name="verifyUserIsAbleToLoginWithValidCredentials" time="1.023"/>
  <testcase classname="testscript1.LoginTest" name="verifyUserIsAbleToLoginwithInvalidPassword" time="0.567"/>
  <testcase classname="testscript1.LoginTest" name="verifyUserIsAbleToLoginwithInvalidUsername" time="0.533"/>
  <testcase classname="testscript1.LoginTest" name="verifyUserIsAbleToLoginwithInvalidUsernameAndPassword" time="0.976"/>
  <testcase classname="testscript1.ManageCategoryTest" name="verifyUserIsAbleToLoginWithValidCredentials" time="1.995"/>
  <testcase classname="testscript1.ManageFooterTest" name="validateUpdateButtonIsDisplayed" time="1.658"/>
  <testcase classname="testscript1.ManageFooterTest" name="validateUserCanUpdateFooterInfo" time="2.39"/>
  <testcase classname="testscript1.ManageContactTest" name="validateAdminIsAbleToUpdateManageContact" time="2.135"/>
  <testcase classname="testscript1.MnageNewsTest" name="verifyUserIsabletoAddNews" time="2.12"/>
</testsuite> <!-- Test -->
