<?xml version="1.0" encoding="UTF-8"?>
<!-- Generated by org.testng.reporters.JUnitXMLReporter -->
<testsuite ignored="0" hostname="LAPTOP-OMN3A2MR" failures="0" tests="15" name="Test" time="104.335" errors="0" timestamp="2025-08-01T12:55:42 IST">
  <testcase classname="testscript1.AdminTest" name="validateUpdateButtonIsEnabled" time="2.98"/>
  <testcase classname="testscript1.AdminTest" name="verifyAdminCanUpdateField" time="2.217"/>
  <testcase classname="testscript1.AdminTest" name="verifyAlertIsDisplayedAfterUpdate" time="2.45"/>
  <testcase classname="testscript1.AdminTest" name="verifyUserIsAbleToLoginWithValidCredentials" time="11.608">
    <skipped/>
  </testcase> <!-- verifyUserIsAbleToLoginWithValidCredentials -->
  <testcase classname="testscript1.AdminTest" name="verifyUserIsAbleToLoginWithValidCredentials" time="1.801"/>
  <testcase classname="testscript1.LoginTest" name="verifyUserIsAbleToLoginWithValidCredentials" time="0.821"/>
  <testcase classname="testscript1.LoginTest" name="verifyUserIsAbleToLoginwithInvalidPassword" time="0.441"/>
  <testcase classname="testscript1.LoginTest" name="verifyUserIsAbleToLoginwithInvalidUsername" time="0.563"/>
  <testcase classname="testscript1.LoginTest" name="verifyUserIsAbleToLoginwithInvalidUsernameAndPassword" time="0.49"/>
  <testcase classname="testscript1.ManageCategoryTest" name="verifyUserIsAbleToLoginWithValidCredentials" time="1.802"/>
  <testcase classname="testscript1.LogoutTest" name="verifyUserIsAbleToLogoutWithSuccessfully" time="1.357"/>
  <testcase classname="testscript1.ManageFooterTest" name="validateUpdateButtonIsDisplayed" time="1.459"/>
  <testcase classname="testscript1.ManageFooterTest" name="validateUserCanUpdateFooterInfo" time="1.855"/>
  <testcase classname="testscript1.ManageContactTest" name="validateAdminIsAbleToUpdateManageContact" time="1.732"/>
  <testcase classname="testscript1.MnageNewsTest" name="verifyUserIsabletoAddNews" time="1.769"/>
</testsuite> <!-- Test -->
