<?xml version="1.0" encoding="UTF-8"?>
<!-- Generated by org.testng.reporters.JUnitXMLReporter -->
<testsuite ignored="0" hostname="LAPTOP-OMN3A2MR" failures="0" tests="2" name="ChromeTest" time="19.318" errors="0" timestamp="2025-07-31T15:57:00 IST">
  <testcase classname="testscript1.ManageCategoryTest" name="verifyUserIsAbleToLoginWithValidCredentials" time="7.043"/>
  <testcase classname="testscript1.LogoutTest" name="verifyUserIsAbleToLogoutWithSuccessfully" time="1.723"/>
</testsuite> <!-- ChromeTest -->
