<?xml version="1.0" encoding="UTF-8"?>
<!-- Generated by org.testng.reporters.JUnitXMLReporter -->
<testsuite ignored="0" hostname="LAPTOP-OMN3A2MR" failures="0" tests="2" name="FirefoxTest" time="23.849" errors="0" timestamp="2025-07-31T15:57:05 IST">
  <testcase classname="testscript1.ManageCategoryTest" name="verifyUserIsAbleToLoginWithValidCredentials" time="3.553"/>
  <testcase classname="testscript1.LogoutTest" name="verifyUserIsAbleToLogoutWithSuccessfully" time="1.977"/>
</testsuite> <!-- FirefoxTest -->
